Covid_Notifier/app/build/intermediates/manifest_merge_blame_file/debug/manifest-merger-blame-debug-report.txt
1<?xml version="1.0" encoding="utf-8"?>
2<manifest xmlns:android="http://schemas.android.com/apk/res/android"
3    package="kr.ac.kpu.covid_notifier"
4    android:versionCode="1"
5    android:versionName="1.0" >
6
7    <uses-sdk
8        android:minSdkVersion="16"
8-->src\main\AndroidManifest.xml
9        android:targetSdkVersion="30" />
9-->src\main\AndroidManifest.xml
10
11    <uses-permission android:name="android.permission.INTERNET" />
11-->src\main\AndroidManifest.xml:4:5-66
11-->src\main\AndroidManifest.xml:4:22-64
12
13    <application
13-->src\main\AndroidManifest.xml:5:5-24:19
14        android:allowBackup="true"
14-->src\main\AndroidManifest.xml:6:9-35
15        android:appComponentFactory="androidx.core.app.CoreComponentFactory"
15-->[androidx.core:core:1.3.1] AndroidManifest.xml:24:18-86
16        android:debuggable="true"
17        android:icon="@mipmap/ic_launcher"
17-->src\main\AndroidManifest.xml:7:9-43
18        android:label="@string/app_name"
18-->src\main\AndroidManifest.xml:8:9-41
19        android:networkSecurityConfig="@xml/network_config"
19-->src\main\AndroidManifest.xml:11:9-60
20        android:roundIcon="@mipmap/ic_launcher_round"
20-->src\main\AndroidManifest.xml:9:9-54
21        android:supportsRtl="true"
21-->src\main\AndroidManifest.xml:10:9-35
22        android:testOnly="true"
23        android:theme="@style/Theme.CovidNotifier" >
23-->src\main\AndroidManifest.xml:12:9-51
24
25        <!-- android:theme="@style/Theme.AppCompat.Light" -->
26
27        <activity android:name="kr.ac.kpu.covid_notifier.MainActivity" >
27-->src\main\AndroidManifest.xml:15:9-20:20
27-->src\main\AndroidManifest.xml:15:19-47
28            <intent-filter>
28-->src\main\AndroidManifest.xml:16:13-19:29
29                <action android:name="android.intent.action.MAIN" />
29-->src\main\AndroidManifest.xml:17:17-68
29-->src\main\AndroidManifest.xml:17:25-66
30
31                <category android:name="android.intent.category.LAUNCHER" />
31-->src\main\AndroidManifest.xml:18:17-76
31-->src\main\AndroidManifest.xml:18:27-74
32            </intent-filter>
33        </activity>
34        <activity
34-->src\main\AndroidManifest.xml:21:9-91
35            android:name="kr.ac.kpu.covid_notifier.InfectionByTotalActivity"
35-->src\main\AndroidManifest.xml:21:19-59
36            android:label="@string/total" />
36-->src\main\AndroidManifest.xml:21:60-89
37        <activity
37-->src\main\AndroidManifest.xml:22:9-93
38            android:name="kr.ac.kpu.covid_notifier.InfectionByRegionActivity"
38-->src\main\AndroidManifest.xml:22:19-60
39            android:label="@string/region" />
39-->src\main\AndroidManifest.xml:22:61-91
40        <activity
40-->src\main\AndroidManifest.xml:23:9-97
41            android:name="kr.ac.kpu.covid_notifier.HospitalInformationActivity"
41-->src\main\AndroidManifest.xml:23:19-62
42            android:label="@string/hospital" />
42-->src\main\AndroidManifest.xml:23:63-95
43    </application>
44
45</manifest>